# JRE version: OpenJDK Runtime Environment (17.0.10) (build 17.0.10+0--11609105)
# Java VM: OpenJDK 64-Bit Server VM (17.0.10+0--11609105, mixed mode, tiered, compressed oops, compressed class ptrs, g1 gc, windows-amd64)
GC Precious Log:
 CPUs: 12 total, 8 available
 Memory: 7885M
 Large Page Support: Disabled
 NUMA Support: Disabled
 Compressed Oops: Enabled (32-bit)
 Heap Region Size: 1M
 Heap Min Capacity: 8M
 Heap Initial Capacity: 124M
 Heap Max Capacity: 2G
 Pre-touch: Disabled
 Parallel Workers: 8
 Concurrent Workers: 2
 Concurrent Refinement Workers: 8
 Periodic GC: Disabled
Heap:
 garbage-first heap   total 162816K, used 119058K [0x0000000080000000, 0x0000000100000000)
  region size 1024K, 12 young (12288K), 4 survivors (4096K)
 Metaspace       used 110953K, committed 111808K, reserved 1179648K
  class space    used 15231K, committed 15616K, reserved 1048576K
GC Heap History (20 events):
Event: 24.027 GC heap before
{Heap before GC invocations=53 (full 0):
 garbage-first heap   total 162816K, used 127417K [0x0000000080000000, 0x0000000100000000)
  region size 1024K, 36 young (36864K), 2 survivors (2048K)
 Metaspace       used 95535K, committed 96192K, reserved 1179648K
  class space    used 13107K, committed 13440K, reserved 1048576K
}
Event: 24.031 GC heap after
{Heap after GC invocations=54 (full 0):
 garbage-first heap   total 162816K, used 94009K [0x0000000080000000, 0x0000000100000000)
  region size 1024K, 3 young (3072K), 3 survivors (3072K)
 Metaspace       used 95535K, committed 96192K, reserved 1179648K
  class space    used 13107K, committed 13440K, reserved 1048576K
}
Event: 24.111 GC heap before
{Heap before GC invocations=54 (full 0):
 garbage-first heap   total 162816K, used 98105K [0x0000000080000000, 0x0000000100000000)
  region size 1024K, 7 young (7168K), 3 survivors (3072K)
 Metaspace       used 95768K, committed 96512K, reserved 1179648K
  class space    used 13146K, committed 13504K, reserved 1048576K
}
Event: 24.114 GC heap after
{Heap after GC invocations=55 (full 0):
 garbage-first heap   total 162816K, used 93448K [0x0000000080000000, 0x0000000100000000)
  region size 1024K, 1 young (1024K), 1 survivors (1024K)
 Metaspace       used 95768K, committed 96512K, reserved 1179648K
  class space    used 13146K, committed 13504K, reserved 1048576K
}
Event: 25.067 GC heap before
{Heap before GC invocations=55 (full 0):
 garbage-first heap   total 162816K, used 135432K [0x0000000080000000, 0x0000000100000000)
  region size 1024K, 42 young (43008K), 1 survivors (1024K)
 Metaspace       used 98854K, committed 99584K, reserved 1179648K
  class space    used 13599K, committed 13952K, reserved 1048576K
}
Event: 25.071 GC heap after
{Heap after GC invocations=56 (full 0):
 garbage-first heap   total 162816K, used 95646K [0x0000000080000000, 0x0000000100000000)
  region size 1024K, 3 young (3072K), 3 survivors (3072K)
 Metaspace       used 98854K, committed 99584K, reserved 1179648K
  class space    used 13599K, committed 13952K, reserved 1048576K
}
Event: 25.874 GC heap before
{Heap before GC invocations=56 (full 0):
 garbage-first heap   total 162816K, used 136606K [0x0000000080000000, 0x0000000100000000)
  region size 1024K, 43 young (44032K), 3 survivors (3072K)
 Metaspace       used 101846K, committed 102592K, reserved 1179648K
  class space    used 14089K, committed 14400K, reserved 1048576K
}
Event: 25.878 GC heap after
{Heap after GC invocations=57 (full 0):
 garbage-first heap   total 162816K, used 97299K [0x0000000080000000, 0x0000000100000000)
  region size 1024K, 5 young (5120K), 5 survivors (5120K)
 Metaspace       used 101846K, committed 102592K, reserved 1179648K
  class space    used 14089K, committed 14400K, reserved 1048576K
}
Event: 26.857 GC heap before
{Heap before GC invocations=57 (full 0):
 garbage-first heap   total 162816K, used 137235K [0x0000000080000000, 0x0000000100000000)
  region size 1024K, 44 young (45056K), 5 survivors (5120K)
 Metaspace       used 105187K, committed 105920K, reserved 1179648K
  class space    used 14496K, committed 14848K, reserved 1048576K
}
Event: 26.864 GC heap after
{Heap after GC invocations=58 (full 0):
 garbage-first heap   total 162816K, used 100067K [0x0000000080000000, 0x0000000100000000)
  region size 1024K, 5 young (5120K), 5 survivors (5120K)
 Metaspace       used 105187K, committed 105920K, reserved 1179648K
  class space    used 14496K, committed 14848K, reserved 1048576K
}
Event: 27.520 GC heap before
{Heap before GC invocations=58 (full 0):
 garbage-first heap   total 162816K, used 141027K [0x0000000080000000, 0x0000000100000000)
  region size 1024K, 41 young (41984K), 5 survivors (5120K)
 Metaspace       used 108101K, committed 108864K, reserved 1179648K
  class space    used 14759K, committed 15104K, reserved 1048576K
}
Event: 27.526 GC heap after
{Heap after GC invocations=59 (full 0):
 garbage-first heap   total 162816K, used 104282K [0x0000000080000000, 0x0000000100000000)
  region size 1024K, 6 young (6144K), 6 survivors (6144K)
 Metaspace       used 108101K, committed 108864K, reserved 1179648K
  class space    used 14759K, committed 15104K, reserved 1048576K
}
Event: 28.398 GC heap before
{Heap before GC invocations=59 (full 0):
 garbage-first heap   total 162816K, used 136026K [0x0000000080000000, 0x0000000100000000)
  region size 1024K, 38 young (38912K), 6 survivors (6144K)
 Metaspace       used 110118K, committed 110848K, reserved 1179648K
  class space    used 15111K, committed 15488K, reserved 1048576K
}
Event: 28.406 GC heap after
{Heap after GC invocations=60 (full 0):
 garbage-first heap   total 162816K, used 109620K [0x0000000080000000, 0x0000000100000000)
  region size 1024K, 5 young (5120K), 5 survivors (5120K)
 Metaspace       used 110118K, committed 110848K, reserved 1179648K
  class space    used 15111K, committed 15488K, reserved 1048576K
}
Event: 28.892 GC heap before
{Heap before GC invocations=60 (full 0):
 garbage-first heap   total 162816K, used 136244K [0x0000000080000000, 0x0000000100000000)
  region size 1024K, 31 young (31744K), 5 survivors (5120K)
 Metaspace       used 110147K, committed 110912K, reserved 1179648K
  class space    used 15111K, committed 15488K, reserved 1048576K
}
Event: 28.896 GC heap after
{Heap after GC invocations=61 (full 0):
 garbage-first heap   total 162816K, used 110331K [0x0000000080000000, 0x0000000100000000)
  region size 1024K, 3 young (3072K), 3 survivors (3072K)
 Metaspace       used 110147K, committed 110912K, reserved 1179648K
  class space    used 15111K, committed 15488K, reserved 1048576K
}
Event: 29.588 GC heap before
{Heap before GC invocations=61 (full 0):
 garbage-first heap   total 162816K, used 135931K [0x0000000080000000, 0x0000000100000000)
  region size 1024K, 29 young (29696K), 3 survivors (3072K)
 Metaspace       used 110212K, committed 111040K, reserved 1179648K
  class space    used 15113K, committed 15488K, reserved 1048576K
}
Event: 29.591 GC heap after
{Heap after GC invocations=62 (full 0):
 garbage-first heap   total 162816K, used 111218K [0x0000000080000000, 0x0000000100000000)
  region size 1024K, 4 young (4096K), 4 survivors (4096K)
 Metaspace       used 110212K, committed 111040K, reserved 1179648K
  class space    used 15113K, committed 15488K, reserved 1048576K
}
Event: 30.202 GC heap before
{Heap before GC invocations=62 (full 0):
 garbage-first heap   total 162816K, used 134770K [0x0000000080000000, 0x0000000100000000)
  region size 1024K, 28 young (28672K), 4 survivors (4096K)
 Metaspace       used 110864K, committed 111680K, reserved 1179648K
  class space    used 15226K, committed 15616K, reserved 1048576K
}
Event: 30.207 GC heap after
{Heap after GC invocations=63 (full 0):
 garbage-first heap   total 162816K, used 111890K [0x0000000080000000, 0x0000000100000000)
  region size 1024K, 4 young (4096K), 4 survivors (4096K)
 Metaspace       used 110864K, committed 111680K, reserved 1179648K
  class space    used 15226K, committed 15616K, reserved 1048576K
}

