# JRE version: OpenJDK Runtime Environment (17.0.10) (build 17.0.10+0--11609105)
# Java VM: OpenJDK 64-Bit Server VM (17.0.10+0--11609105, mixed mode, tiered, compressed oops, compressed class ptrs, g1 gc, windows-amd64)
GC Precious Log:
 CPUs: 12 total, 8 available
 Memory: 7885M
 Large Page Support: Disabled
 NUMA Support: Disabled
 Compressed Oops: Enabled (32-bit)
 Heap Region Size: 1M
 Heap Min Capacity: 8M
 Heap Initial Capacity: 124M
 Heap Max Capacity: 2G
 Pre-touch: Disabled
 Parallel Workers: 8
 Concurrent Workers: 2
 Concurrent Refinement Workers: 8
 Periodic GC: Disabled
Heap:
 garbage-first heap   total 152576K, used 88543K [0x0000000080000000, 0x0000000100000000)
  region size 1024K, 2 young (2048K), 2 survivors (2048K)
 Metaspace       used 89851K, committed 90496K, reserved 1179648K
  class space    used 12375K, committed 12672K, reserved 1048576K
GC Heap History (20 events):
Event: 15.877 GC heap after
{Heap after GC invocations=31 (full 0):
 garbage-first heap   total 141312K, used 73012K [0x0000000080000000, 0x0000000100000000)
  region size 1024K, 7 young (7168K), 7 survivors (7168K)
 Metaspace       used 71127K, committed 71744K, reserved 1114112K
  class space    used 9598K, committed 9920K, reserved 1048576K
}
Event: 15.894 GC heap before
{Heap before GC invocations=31 (full 0):
 garbage-first heap   total 141312K, used 74036K [0x0000000080000000, 0x0000000100000000)
  region size 1024K, 8 young (8192K), 7 survivors (7168K)
 Metaspace       used 71207K, committed 71808K, reserved 1114112K
  class space    used 9609K, committed 9920K, reserved 1048576K
}
Event: 15.898 GC heap after
{Heap after GC invocations=32 (full 0):
 garbage-first heap   total 141312K, used 73305K [0x0000000080000000, 0x0000000100000000)
  region size 1024K, 1 young (1024K), 1 survivors (1024K)
 Metaspace       used 71207K, committed 71808K, reserved 1114112K
  class space    used 9609K, committed 9920K, reserved 1048576K
}
Event: 16.751 GC heap before
{Heap before GC invocations=32 (full 0):
 garbage-first heap   total 141312K, used 119385K [0x0000000080000000, 0x0000000100000000)
  region size 1024K, 42 young (43008K), 1 survivors (1024K)
 Metaspace       used 74933K, committed 75584K, reserved 1179648K
  class space    used 10098K, committed 10368K, reserved 1048576K
}
Event: 16.754 GC heap after
{Heap after GC invocations=33 (full 0):
 garbage-first heap   total 141312K, used 79791K [0x0000000080000000, 0x0000000100000000)
  region size 1024K, 4 young (4096K), 4 survivors (4096K)
 Metaspace       used 74933K, committed 75584K, reserved 1179648K
  class space    used 10098K, committed 10368K, reserved 1048576K
}
Event: 17.480 GC heap before
{Heap before GC invocations=34 (full 0):
 garbage-first heap   total 141312K, used 116655K [0x0000000080000000, 0x0000000100000000)
  region size 1024K, 40 young (40960K), 4 survivors (4096K)
 Metaspace       used 78722K, committed 79296K, reserved 1179648K
  class space    used 10624K, committed 10880K, reserved 1048576K
}
Event: 17.484 GC heap after
{Heap after GC invocations=35 (full 0):
 garbage-first heap   total 141312K, used 81268K [0x0000000080000000, 0x0000000100000000)
  region size 1024K, 2 young (2048K), 2 survivors (2048K)
 Metaspace       used 78722K, committed 79296K, reserved 1179648K
  class space    used 10624K, committed 10880K, reserved 1048576K
}
Event: 17.566 GC heap before
{Heap before GC invocations=35 (full 0):
 garbage-first heap   total 141312K, used 84340K [0x0000000080000000, 0x0000000100000000)
  region size 1024K, 6 young (6144K), 2 survivors (2048K)
 Metaspace       used 79205K, committed 79808K, reserved 1179648K
  class space    used 10696K, committed 10944K, reserved 1048576K
}
Event: 17.569 GC heap after
{Heap after GC invocations=36 (full 0):
 garbage-first heap   total 141312K, used 81067K [0x0000000080000000, 0x0000000100000000)
  region size 1024K, 1 young (1024K), 1 survivors (1024K)
 Metaspace       used 79205K, committed 79808K, reserved 1179648K
  class space    used 10696K, committed 10944K, reserved 1048576K
}
Event: 18.253 GC heap before
{Heap before GC invocations=36 (full 0):
 garbage-first heap   total 141312K, used 117931K [0x0000000080000000, 0x0000000100000000)
  region size 1024K, 37 young (37888K), 1 survivors (1024K)
 Metaspace       used 81681K, committed 82304K, reserved 1179648K
  class space    used 11042K, committed 11328K, reserved 1048576K
}
Event: 18.257 GC heap after
{Heap after GC invocations=37 (full 0):
 garbage-first heap   total 141312K, used 83074K [0x0000000080000000, 0x0000000100000000)
  region size 1024K, 3 young (3072K), 3 survivors (3072K)
 Metaspace       used 81681K, committed 82304K, reserved 1179648K
  class space    used 11042K, committed 11328K, reserved 1048576K
}
Event: 18.883 GC heap before
{Heap before GC invocations=37 (full 0):
 garbage-first heap   total 141312K, used 118914K [0x0000000080000000, 0x0000000100000000)
  region size 1024K, 38 young (38912K), 3 survivors (3072K)
 Metaspace       used 82291K, committed 82944K, reserved 1179648K
  class space    used 11116K, committed 11392K, reserved 1048576K
}
Event: 18.886 GC heap after
{Heap after GC invocations=38 (full 0):
 garbage-first heap   total 141312K, used 86678K [0x0000000080000000, 0x0000000100000000)
  region size 1024K, 5 young (5120K), 5 survivors (5120K)
 Metaspace       used 82291K, committed 82944K, reserved 1179648K
  class space    used 11116K, committed 11392K, reserved 1048576K
}
Event: 19.408 GC heap before
{Heap before GC invocations=38 (full 0):
 garbage-first heap   total 141312K, used 117398K [0x0000000080000000, 0x0000000100000000)
  region size 1024K, 36 young (36864K), 5 survivors (5120K)
 Metaspace       used 84586K, committed 85248K, reserved 1179648K
  class space    used 11436K, committed 11776K, reserved 1048576K
}
Event: 19.412 GC heap after
{Heap after GC invocations=39 (full 0):
 garbage-first heap   total 141312K, used 88226K [0x0000000080000000, 0x0000000100000000)
  region size 1024K, 2 young (2048K), 2 survivors (2048K)
 Metaspace       used 84586K, committed 85248K, reserved 1179648K
  class space    used 11436K, committed 11776K, reserved 1048576K
}
Event: 19.999 GC heap before
{Heap before GC invocations=40 (full 0):
 garbage-first heap   total 152576K, used 117922K [0x0000000080000000, 0x0000000100000000)
  region size 1024K, 31 young (31744K), 2 survivors (2048K)
 Metaspace       used 86589K, committed 87232K, reserved 1179648K
  class space    used 11802K, committed 12096K, reserved 1048576K
}
Event: 20.001 GC heap after
{Heap after GC invocations=41 (full 0):
 garbage-first heap   total 152576K, used 88686K [0x0000000080000000, 0x0000000100000000)
  region size 1024K, 3 young (3072K), 3 survivors (3072K)
 Metaspace       used 86589K, committed 87232K, reserved 1179648K
  class space    used 11802K, committed 12096K, reserved 1048576K
}
Event: 20.106 GC heap before
{Heap before GC invocations=41 (full 0):
 garbage-first heap   total 152576K, used 92782K [0x0000000080000000, 0x0000000100000000)
  region size 1024K, 7 young (7168K), 3 survivors (3072K)
 Metaspace       used 86873K, committed 87488K, reserved 1179648K
  class space    used 11862K, committed 12160K, reserved 1048576K
}
Event: 20.109 GC heap after
{Heap after GC invocations=42 (full 0):
 garbage-first heap   total 152576K, used 87156K [0x0000000080000000, 0x0000000100000000)
  region size 1024K, 1 young (1024K), 1 survivors (1024K)
 Metaspace       used 86873K, committed 87488K, reserved 1179648K
  class space    used 11862K, committed 12160K, reserved 1048576K
}
Event: 20.940 GC heap before
{Heap before GC invocations=42 (full 0):
 garbage-first heap   total 152576K, used 128116K [0x0000000080000000, 0x0000000100000000)
  region size 1024K, 41 young (41984K), 1 survivors (1024K)
 Metaspace       used 89851K, committed 90496K, reserved 1179648K
  class space    used 12375K, committed 12672K, reserved 1048576K
}

