# JRE version: OpenJDK Runtime Environment (17.0.10) (build 17.0.10+0--11609105)
# Java VM: OpenJDK 64-Bit Server VM (17.0.10+0--11609105, mixed mode, tiered, compressed oops, compressed class ptrs, g1 gc, windows-amd64)
GC Precious Log:
 CPUs: 12 total, 8 available
 Memory: 7885M
 Large Page Support: Disabled
 NUMA Support: Disabled
 Compressed Oops: Enabled (32-bit)
 Heap Region Size: 1M
 Heap Min Capacity: 8M
 Heap Initial Capacity: 124M
 Heap Max Capacity: 2G
 Pre-touch: Disabled
 Parallel Workers: 8
 Concurrent Workers: 2
 Concurrent Refinement Workers: 8
 Periodic GC: Disabled
Heap:
 garbage-first heap   total 134144K, used 101952K [0x0000000080000000, 0x0000000100000000)
  region size 1024K, 4 young (4096K), 4 survivors (4096K)
 Metaspace       used 62944K, committed 63552K, reserved 1114112K
  class space    used 8613K, committed 8896K, reserved 1048576K
GC Heap History (20 events):
Event: 9.904 GC heap after
{Heap after GC invocations=19 (full 0):
 garbage-first heap   total 92160K, used 50115K [0x0000000080000000, 0x0000000100000000)
  region size 1024K, 1 young (1024K), 1 survivors (1024K)
 Metaspace       used 48397K, committed 48832K, reserved 1114112K
  class space    used 6472K, committed 6656K, reserved 1048576K
}
Event: 10.471 GC heap before
{Heap before GC invocations=19 (full 0):
 garbage-first heap   total 92160K, used 73667K [0x0000000080000000, 0x0000000100000000)
  region size 1024K, 24 young (24576K), 1 survivors (1024K)
 Metaspace       used 50654K, committed 51136K, reserved 1114112K
  class space    used 6846K, committed 7040K, reserved 1048576K
}
Event: 10.475 GC heap after
{Heap after GC invocations=20 (full 0):
 garbage-first heap   total 121856K, used 52181K [0x0000000080000000, 0x0000000100000000)
  region size 1024K, 3 young (3072K), 3 survivors (3072K)
 Metaspace       used 50654K, committed 51136K, reserved 1114112K
  class space    used 6846K, committed 7040K, reserved 1048576K
}
Event: 11.294 GC heap before
{Heap before GC invocations=21 (full 0):
 garbage-first heap   total 121856K, used 109525K [0x0000000080000000, 0x0000000100000000)
  region size 1024K, 45 young (46080K), 3 survivors (3072K)
 Metaspace       used 53641K, committed 54272K, reserved 1114112K
  class space    used 7170K, committed 7488K, reserved 1048576K
}
Event: 11.297 GC heap after
{Heap after GC invocations=22 (full 0):
 garbage-first heap   total 121856K, used 70753K [0x0000000080000000, 0x0000000100000000)
  region size 1024K, 6 young (6144K), 6 survivors (6144K)
 Metaspace       used 53641K, committed 54272K, reserved 1114112K
  class space    used 7170K, committed 7488K, reserved 1048576K
}
Event: 11.331 GC heap before
{Heap before GC invocations=22 (full 0):
 garbage-first heap   total 121856K, used 71777K [0x0000000080000000, 0x0000000100000000)
  region size 1024K, 7 young (7168K), 6 survivors (6144K)
 Metaspace       used 53676K, committed 54336K, reserved 1114112K
  class space    used 7173K, committed 7488K, reserved 1048576K
}
Event: 11.335 GC heap after
{Heap after GC invocations=23 (full 0):
 garbage-first heap   total 121856K, used 70376K [0x0000000080000000, 0x0000000100000000)
  region size 1024K, 1 young (1024K), 1 survivors (1024K)
 Metaspace       used 53676K, committed 54336K, reserved 1114112K
  class space    used 7173K, committed 7488K, reserved 1048576K
}
Event: 12.019 GC heap before
{Heap before GC invocations=23 (full 0):
 garbage-first heap   total 121856K, used 100072K [0x0000000080000000, 0x0000000100000000)
  region size 1024K, 30 young (30720K), 1 survivors (1024K)
 Metaspace       used 57406K, committed 57984K, reserved 1114112K
  class space    used 7783K, committed 8064K, reserved 1048576K
}
Event: 12.022 GC heap after
{Heap after GC invocations=24 (full 0):
 garbage-first heap   total 121856K, used 71881K [0x0000000080000000, 0x0000000100000000)
  region size 1024K, 2 young (2048K), 2 survivors (2048K)
 Metaspace       used 57406K, committed 57984K, reserved 1114112K
  class space    used 7783K, committed 8064K, reserved 1048576K
}
Event: 12.711 GC heap before
{Heap before GC invocations=25 (full 0):
 garbage-first heap   total 124928K, used 100553K [0x0000000080000000, 0x0000000100000000)
  region size 1024K, 30 young (30720K), 2 survivors (2048K)
 Metaspace       used 59930K, committed 60544K, reserved 1114112K
  class space    used 8227K, committed 8512K, reserved 1048576K
}
Event: 12.714 GC heap after
{Heap after GC invocations=26 (full 0):
 garbage-first heap   total 124928K, used 73801K [0x0000000080000000, 0x0000000100000000)
  region size 1024K, 4 young (4096K), 4 survivors (4096K)
 Metaspace       used 59930K, committed 60544K, reserved 1114112K
  class space    used 8227K, committed 8512K, reserved 1048576K
}
Event: 12.754 GC heap before
{Heap before GC invocations=26 (full 0):
 garbage-first heap   total 124928K, used 75849K [0x0000000080000000, 0x0000000100000000)
  region size 1024K, 6 young (6144K), 4 survivors (4096K)
 Metaspace       used 60106K, committed 60800K, reserved 1114112K
  class space    used 8253K, committed 8576K, reserved 1048576K
}
Event: 12.758 GC heap after
{Heap after GC invocations=27 (full 0):
 garbage-first heap   total 124928K, used 74074K [0x0000000080000000, 0x0000000100000000)
  region size 1024K, 1 young (1024K), 1 survivors (1024K)
 Metaspace       used 60106K, committed 60800K, reserved 1114112K
  class space    used 8253K, committed 8576K, reserved 1048576K
}
Event: 13.855 GC heap before
{Heap before GC invocations=27 (full 0):
 garbage-first heap   total 124928K, used 102746K [0x0000000080000000, 0x0000000100000000)
  region size 1024K, 30 young (30720K), 1 survivors (1024K)
 Metaspace       used 61916K, committed 62528K, reserved 1114112K
  class space    used 8480K, committed 8768K, reserved 1048576K
}
Event: 13.860 GC heap after
{Heap after GC invocations=28 (full 0):
 garbage-first heap   total 124928K, used 77590K [0x0000000080000000, 0x0000000100000000)
  region size 1024K, 4 young (4096K), 4 survivors (4096K)
 Metaspace       used 61916K, committed 62528K, reserved 1114112K
  class space    used 8480K, committed 8768K, reserved 1048576K
}
Event: 14.193 GC heap before
{Heap before GC invocations=29 (full 0):
 garbage-first heap   total 133120K, used 102166K [0x0000000080000000, 0x0000000100000000)
  region size 1024K, 29 young (29696K), 4 survivors (4096K)
 Metaspace       used 62095K, committed 62720K, reserved 1114112K
  class space    used 8480K, committed 8768K, reserved 1048576K
}
Event: 14.197 GC heap after
{Heap after GC invocations=30 (full 0):
 garbage-first heap   total 133120K, used 80281K [0x0000000080000000, 0x0000000100000000)
  region size 1024K, 4 young (4096K), 4 survivors (4096K)
 Metaspace       used 62095K, committed 62720K, reserved 1114112K
  class space    used 8480K, committed 8768K, reserved 1048576K
}
Event: 14.216 GC heap before
{Heap before GC invocations=30 (full 0):
 garbage-first heap   total 133120K, used 82329K [0x0000000080000000, 0x0000000100000000)
  region size 1024K, 6 young (6144K), 4 survivors (4096K)
 Metaspace       used 62103K, committed 62720K, reserved 1114112K
  class space    used 8480K, committed 8768K, reserved 1048576K
}
Event: 14.219 GC heap after
{Heap after GC invocations=31 (full 0):
 garbage-first heap   total 133120K, used 79935K [0x0000000080000000, 0x0000000100000000)
  region size 1024K, 1 young (1024K), 1 survivors (1024K)
 Metaspace       used 62103K, committed 62720K, reserved 1114112K
  class space    used 8480K, committed 8768K, reserved 1048576K
}
Event: 14.977 GC heap before
{Heap before GC invocations=31 (full 0):
 garbage-first heap   total 133120K, used 122943K [0x0000000080000000, 0x0000000100000000)
  region size 1024K, 30 young (30720K), 1 survivors (1024K)
 Metaspace       used 62944K, committed 63552K, reserved 1114112K
  class space    used 8613K, committed 8896K, reserved 1048576K
}

